0 info it worked if it ends with ok
1 verbose cli [ 'C:\\Program Files\\nodejs\\node.exe',
1 verbose cli   'C:\\Program Files\\nodejs\\node_modules\\npm\\bin\\npm-cli.js',
1 verbose cli   'start' ]
2 info using npm@4.0.5
3 info using node@v7.4.0
4 verbose run-script [ 'prestart', 'start', 'poststart' ]
5 info lifecycle express_server@1.0.0~prestart: express_server@1.0.0
6 silly lifecycle express_server@1.0.0~prestart: no script for prestart, continuing
7 info lifecycle express_server@1.0.0~start: express_server@1.0.0
8 verbose lifecycle express_server@1.0.0~start: unsafe-perm in lifecycle true
9 verbose lifecycle express_server@1.0.0~start: PATH: C:\Program Files\nodejs\node_modules\npm\bin\node-gyp-bin;U:\node\B6\node_modules\.bin;C:\RailsInstaller\Git\cmd;C:\RailsInstaller\Ruby2.2.0\bin;C:\ProgramData\Oracle\Java\javapath;C:\Program Files (x86)\Intel\iCLS Client\;C:\Program Files\Intel\iCLS Client\;C:\Windows\system32;C:\Windows;C:\Windows\System32\Wbem;C:\Windows\System32\WindowsPowerShell\v1.0\;C:\Program Files\Intel\Intel(R) Management Engine Components\DAL;C:\Program Files (x86)\Intel\Intel(R) Management Engine Components\DAL;C:\Program Files\Intel\Intel(R) Management Engine Components\IPT;C:\Program Files (x86)\Intel\Intel(R) Management Engine Components\IPT;C:\Program Files (x86)\ATI Technologies\ATI.ACE\Core-Static;C:\Program Files\Microsoft SQL Server\130\Tools\Binn\;C:\Program Files (x86)\Windows Kits\10\Windows Performance Toolkit\;C:\Program Files (x86)\GtkSharp\2.12\bin;c:\Python27;C:\Windows\system32\config\systemprofile\.dnx\bin;C:\Program Files\Microsoft DNX\Dnvm\;C:\Program Files\Microsoft SQL Server\120\Tools\Binn\;C:\Program Files (x86)\Microsoft Emulator Manager\1.0\;c:\qt\qt5.7.0\5.7\msvc2015_64\bin;C:\Program Files\CMake\bin;c:\opencv-3.1.0\qtbuild\bin\debug;C:\Program Files\nodejs\;c:\program files\mongodb\server\3.4\bin\;c:\student\android\sdk\;C:\Program Files\IBM\SPSS\Statistics\24\JRE\bin;C:\Program Files\MATLAB\R2018a\bin;;C:\Program Files (x86)\Microsoft VS Code\bin;C:\Student\AppData\Roaming\npm
10 verbose lifecycle express_server@1.0.0~start: CWD: U:\node\B6
11 silly lifecycle express_server@1.0.0~start: Args: [ '/d /s /c', 'node app.js' ]
12 silly lifecycle express_server@1.0.0~start: Returned: code: 3221225786  signal: null
13 info lifecycle express_server@1.0.0~start: Failed to exec start script
14 verbose stack Error: express_server@1.0.0 start: `node app.js`
14 verbose stack Exit status 3221225786
14 verbose stack     at EventEmitter.<anonymous> (C:\Program Files\nodejs\node_modules\npm\lib\utils\lifecycle.js:279:16)
14 verbose stack     at emitTwo (events.js:106:13)
14 verbose stack     at EventEmitter.emit (events.js:191:7)
14 verbose stack     at ChildProcess.<anonymous> (C:\Program Files\nodejs\node_modules\npm\lib\utils\spawn.js:40:14)
14 verbose stack     at emitTwo (events.js:106:13)
14 verbose stack     at ChildProcess.emit (events.js:191:7)
14 verbose stack     at maybeClose (internal/child_process.js:885:16)
14 verbose stack     at Process.ChildProcess._handle.onexit (internal/child_process.js:226:5)
15 verbose pkgid express_server@1.0.0
16 verbose cwd U:\node\B6
17 error Windows_NT 6.3.9600
18 error argv "C:\\Program Files\\nodejs\\node.exe" "C:\\Program Files\\nodejs\\node_modules\\npm\\bin\\npm-cli.js" "start"
19 error node v7.4.0
20 error npm  v4.0.5
21 error code ELIFECYCLE
22 error express_server@1.0.0 start: `node app.js`
22 error Exit status 3221225786
23 error Failed at the express_server@1.0.0 start script 'node app.js'.
23 error Make sure you have the latest version of node.js and npm installed.
23 error If you do, this is most likely a problem with the express_server package,
23 error not with npm itself.
23 error Tell the author that this fails on your system:
23 error     node app.js
23 error You can get information on how to open an issue for this project with:
23 error     npm bugs express_server
23 error Or if that isn't available, you can get their info via:
23 error     npm owner ls express_server
23 error There is likely additional logging output above.
24 verbose exit [ 1, true ]
